2023-09-18 16:43:12,833 [INFO] Starting segmentation
2023-09-18 16:43:12,853 [INFO] Using device cuda
2023-09-18 16:43:17,024 [INFO] Loaded SAM model vit_h from /scratch/gpfs/eh0560/segment-anything/sam_models/sam_vit_h_4b8939.pth
2023-09-18 16:43:18,750 [INFO] Loaded DINO model from /scratch/gpfs/eh0560/GroundingDINO/models/groundingdino_swinb_cogcoor.pth
2023-09-18 16:43:18,752 [INFO] Initialized models
2023-09-18 16:43:20,210 [INFO] Found 854560 images in /scratch/gpfs/RUSTOW/deskewing_datasets/images/cudl_images/images
2023-09-18 16:43:21,165 [INFO] Predicted 1 bounding boxes
2023-09-18 16:43:21,595 [INFO] Predicting masks for 1 boxes
2023-09-18 16:43:21,604 [INFO] Predicted 1 masks
2023-09-18 16:43:21,606 [INFO] Flattened masks to shape (2000, 1353)
2023-09-18 16:43:21,635 [INFO] Removed small regions from mask
2023-09-18 16:43:21,641 [INFO] Processed image /scratch/gpfs/RUSTOW/deskewing_datasets/images/cudl_images/images/images_01/MS-AA-00003-00008-000-00001.jpg
2023-09-18 16:43:21,942 [INFO] Predicted 1 bounding boxes
2023-09-18 16:43:22,368 [INFO] Predicting masks for 1 boxes
2023-09-18 16:43:22,375 [INFO] Predicted 1 masks
2023-09-18 16:43:22,377 [INFO] Flattened masks to shape (2000, 1323)
2023-09-18 16:43:22,418 [INFO] Removed small regions from mask
2023-09-18 16:43:22,424 [INFO] Processed image /scratch/gpfs/RUSTOW/deskewing_datasets/images/cudl_images/images/images_01/MS-AA-00003-00008-000-00002.jpg
2023-09-18 16:43:22,683 [INFO] Predicted 1 bounding boxes
2023-09-18 16:43:23,109 [INFO] Predicting masks for 1 boxes
2023-09-18 16:43:23,115 [INFO] Predicted 1 masks
2023-09-18 16:43:23,117 [INFO] Flattened masks to shape (2000, 1323)
2023-09-18 16:43:23,159 [INFO] Removed small regions from mask
2023-09-18 16:43:23,165 [INFO] Processed image /scratch/gpfs/RUSTOW/deskewing_datasets/images/cudl_images/images/images_01/MS-AA-00003-00008-000-00003.jpg
2023-09-18 16:43:23,405 [INFO] Predicted 1 bounding boxes
2023-09-18 16:43:23,832 [INFO] Predicting masks for 1 boxes
2023-09-18 16:43:23,838 [INFO] Predicted 1 masks
2023-09-18 16:43:23,840 [INFO] Flattened masks to shape (2000, 1323)
2023-09-18 16:43:23,874 [INFO] Removed small regions from mask
2023-09-18 16:43:23,880 [INFO] Processed image /scratch/gpfs/RUSTOW/deskewing_datasets/images/cudl_images/images/images_01/MS-AA-00003-00008-000-00004.jpg
2023-09-18 16:43:24,126 [INFO] Predicted 1 bounding boxes
2023-09-18 16:43:24,553 [INFO] Predicting masks for 1 boxes
2023-09-18 16:43:24,559 [INFO] Predicted 1 masks
2023-09-18 16:43:24,561 [INFO] Flattened masks to shape (2000, 1337)
2023-09-18 16:43:24,596 [INFO] Removed small regions from mask
2023-09-18 16:43:24,602 [INFO] Processed image /scratch/gpfs/RUSTOW/deskewing_datasets/images/cudl_images/images/images_01/MS-AA-00003-00008-000-00005.jpg
